c:\users\nikit\documents\github\folder\windows\c++\visualstudio\debug\starterbot\bt_leaf.obj
c:\users\nikit\documents\github\folder\windows\c++\visualstudio\debug\starterbot\bt_selector.obj
c:\users\nikit\documents\github\folder\windows\c++\visualstudio\debug\starterbot\main.obj
c:\users\nikit\documents\github\folder\windows\c++\visualstudio\debug\starterbot\bt_list.obj
c:\users\nikit\documents\github\folder\windows\c++\visualstudio\debug\starterbot\starterbot.obj
c:\users\nikit\documents\github\folder\windows\c++\visualstudio\debug\starterbot\maptools.obj
c:\users\nikit\documents\github\folder\windows\c++\visualstudio\debug\starterbot\bt_sequencer.obj
c:\users\nikit\documents\github\folder\windows\c++\visualstudio\debug\starterbot\bt_node.obj
c:\users\nikit\documents\github\folder\windows\c++\visualstudio\debug\starterbot\tools.obj
c:\users\nikit\documents\github\folder\windows\c++\visualstudio\debug\starterbot\vc142.pdb
c:\users\nikit\documents\github\folder\windows\bin\starterbot_d.ilk
c:\users\nikit\documents\github\folder\windows\bin\starterbot_d.exe
c:\users\nikit\documents\github\folder\windows\bin\starterbot_d.pdb
c:\users\nikit\documents\github\folder\windows\c++\visualstudio\debug\starterbot\vc142.idb
c:\users\nikit\documents\github\folder\windows\c++\visualstudio\\..\..\bin\starterbot_d.pdb
c:\users\nikit\documents\github\folder\windows\c++\visualstudio\\..\..\bin\starterbot_d.ilk
c:\users\nikit\documents\github\folder\windows\c++\visualstudio\debug\starterbot\starterbot.tlog\cl.10820.write.1.tlog
c:\users\nikit\documents\github\folder\windows\c++\visualstudio\debug\starterbot\starterbot.tlog\cl.command.1.tlog
c:\users\nikit\documents\github\folder\windows\c++\visualstudio\debug\starterbot\starterbot.tlog\cl.read.1.tlog
c:\users\nikit\documents\github\folder\windows\c++\visualstudio\debug\starterbot\starterbot.tlog\link.command.1.tlog
c:\users\nikit\documents\github\folder\windows\c++\visualstudio\debug\starterbot\starterbot.tlog\link.read.1.tlog
c:\users\nikit\documents\github\folder\windows\c++\visualstudio\debug\starterbot\starterbot.tlog\link.write.1.tlog
